<?xml version="1.0" encoding="UTF-8"?>
<!-- Generated by org.testng.reporters.JUnitReportReporter -->
<testsuite hostname="DESKTOP-71P69E4" failures="0" tests="3" name="TestNG.Selenium_1" time="54.203" errors="0" timestamp="2022-07-27T12:14:00 IST" skipped="0">
  <testcase classname="TestNG.Selenium_1" name="Browser_Navigation_Commands" time="37.535"/>
  <system-out/>
  <testcase classname="TestNG.Selenium_1" name="BrowserCommands2" time="8.978"/>
  <system-out/>
  <testcase classname="TestNG.Selenium_1" name="BrowserCommands" time="7.690"/>
  <system-out/>
</testsuite> <!-- TestNG.Selenium_1 -->
